{"level":"info","message":"::1 - - [05/Dec/2021:12:09:53 +0000] \"GET /api-docs/ HTTP/1.1\" 304 - \"-\" \"Mozilla/5.0 (X11; Linux x86_64) AppleWebKit/537.36 (KHTML, like Gecko) Chrome/96.0.4664.45 Safari/537.36\"\n"}
{"level":"info","message":"::1 - - [05/Dec/2021:12:09:53 +0000] \"GET /api-docs/swagger-ui.css HTTP/1.1\" 304 - \"http://localhost:5000/api-docs/\" \"Mozilla/5.0 (X11; Linux x86_64) AppleWebKit/537.36 (KHTML, like Gecko) Chrome/96.0.4664.45 Safari/537.36\"\n"}
{"level":"info","message":"::1 - - [05/Dec/2021:12:09:53 +0000] \"GET /api-docs/swagger-ui-init.js HTTP/1.1\" 304 - \"http://localhost:5000/api-docs/\" \"Mozilla/5.0 (X11; Linux x86_64) AppleWebKit/537.36 (KHTML, like Gecko) Chrome/96.0.4664.45 Safari/537.36\"\n"}
{"level":"info","message":"::1 - - [05/Dec/2021:12:09:53 +0000] \"GET /api-docs/swagger-ui-bundle.js HTTP/1.1\" 304 - \"http://localhost:5000/api-docs/\" \"Mozilla/5.0 (X11; Linux x86_64) AppleWebKit/537.36 (KHTML, like Gecko) Chrome/96.0.4664.45 Safari/537.36\"\n"}
{"level":"info","message":"::1 - - [05/Dec/2021:12:09:53 +0000] \"GET /api-docs/swagger-ui-standalone-preset.js HTTP/1.1\" 304 - \"http://localhost:5000/api-docs/\" \"Mozilla/5.0 (X11; Linux x86_64) AppleWebKit/537.36 (KHTML, like Gecko) Chrome/96.0.4664.45 Safari/537.36\"\n"}
{"level":"info","message":"::1 - - [05/Dec/2021:12:09:53 +0000] \"GET /api-docs/swagger-ui-init.js HTTP/1.1\" 304 - \"-\" \"Mozilla/5.0 (X11; Linux x86_64) AppleWebKit/537.36 (KHTML, like Gecko) Chrome/96.0.4664.45 Safari/537.36\"\n"}
{"level":"info","message":"::1 - - [05/Dec/2021:12:09:53 +0000] \"GET /api-docs/swagger-ui-standalone-preset.js HTTP/1.1\" 304 - \"-\" \"Mozilla/5.0 (X11; Linux x86_64) AppleWebKit/537.36 (KHTML, like Gecko) Chrome/96.0.4664.45 Safari/537.36\"\n"}
{"level":"info","message":"::1 - - [05/Dec/2021:12:09:53 +0000] \"GET /api-docs/swagger-ui-bundle.js HTTP/1.1\" 304 - \"-\" \"Mozilla/5.0 (X11; Linux x86_64) AppleWebKit/537.36 (KHTML, like Gecko) Chrome/96.0.4664.45 Safari/537.36\"\n"}
{"level":"info","message":"::1 - - [05/Dec/2021:12:09:54 +0000] \"GET /api-docs/favicon-32x32.png HTTP/1.1\" 304 - \"http://localhost:5000/api-docs/\" \"Mozilla/5.0 (X11; Linux x86_64) AppleWebKit/537.36 (KHTML, like Gecko) Chrome/96.0.4664.45 Safari/537.36\"\n"}
{"level":"info","message":"::1 - - [05/Dec/2021:12:15:28 +0000] \"GET /api-docs/ HTTP/1.1\" 304 - \"-\" \"Mozilla/5.0 (X11; Linux x86_64) AppleWebKit/537.36 (KHTML, like Gecko) Chrome/96.0.4664.45 Safari/537.36\"\n"}
{"level":"info","message":"::1 - - [05/Dec/2021:12:15:28 +0000] \"GET /api-docs/swagger-ui.css HTTP/1.1\" 304 - \"http://localhost:5000/api-docs/\" \"Mozilla/5.0 (X11; Linux x86_64) AppleWebKit/537.36 (KHTML, like Gecko) Chrome/96.0.4664.45 Safari/537.36\"\n"}
{"level":"info","message":"::1 - - [05/Dec/2021:12:15:28 +0000] \"GET /api-docs/swagger-ui-bundle.js HTTP/1.1\" 304 - \"http://localhost:5000/api-docs/\" \"Mozilla/5.0 (X11; Linux x86_64) AppleWebKit/537.36 (KHTML, like Gecko) Chrome/96.0.4664.45 Safari/537.36\"\n"}
{"level":"info","message":"::1 - - [05/Dec/2021:12:15:28 +0000] \"GET /api-docs/swagger-ui-init.js HTTP/1.1\" 304 - \"http://localhost:5000/api-docs/\" \"Mozilla/5.0 (X11; Linux x86_64) AppleWebKit/537.36 (KHTML, like Gecko) Chrome/96.0.4664.45 Safari/537.36\"\n"}
{"level":"info","message":"::1 - - [05/Dec/2021:12:15:28 +0000] \"GET /api-docs/swagger-ui-standalone-preset.js HTTP/1.1\" 304 - \"http://localhost:5000/api-docs/\" \"Mozilla/5.0 (X11; Linux x86_64) AppleWebKit/537.36 (KHTML, like Gecko) Chrome/96.0.4664.45 Safari/537.36\"\n"}
{"level":"info","message":"::1 - - [05/Dec/2021:12:15:29 +0000] \"GET /api-docs/favicon-32x32.png HTTP/1.1\" 304 - \"http://localhost:5000/api-docs/\" \"Mozilla/5.0 (X11; Linux x86_64) AppleWebKit/537.36 (KHTML, like Gecko) Chrome/96.0.4664.45 Safari/537.36\"\n"}
{"level":"info","message":"::1 - - [05/Dec/2021:12:15:41 +0000] \"GET /dddd HTTP/1.1\" 404 1947 \"-\" \"Mozilla/5.0 (X11; Linux x86_64) AppleWebKit/537.36 (KHTML, like Gecko) Chrome/96.0.4664.45 Safari/537.36\"\n"}
{"level":"error","message":"500 - Not Found - /dddd - /dddd - GET - ::1"}
{"level":"info","message":"::1 - - [05/Dec/2021:12:16:24 +0000] \"GET /dddd HTTP/1.1\" 500 1971 \"-\" \"Mozilla/5.0 (X11; Linux x86_64) AppleWebKit/537.36 (KHTML, like Gecko) Chrome/96.0.4664.45 Safari/537.36\"\n"}
{"level":"error","message":"500 - Not Found - /ccc - /ccc - GET - ::1"}
{"level":"info","message":"::1 - - [05/Dec/2021:12:24:47 +0000] \"GET /ccc HTTP/1.1\" 500 1971 \"-\" \"Mozilla/5.0 (X11; Linux x86_64) AppleWebKit/537.36 (KHTML, like Gecko) Chrome/96.0.4664.45 Safari/537.36\"\n"}
{"level":"info","message":"::1 - - [05/Dec/2021:12:25:02 +0000] \"GET /api-docs/ HTTP/1.1\" 304 - \"-\" \"Mozilla/5.0 (X11; Linux x86_64) AppleWebKit/537.36 (KHTML, like Gecko) Chrome/96.0.4664.45 Safari/537.36\"\n"}
{"level":"info","message":"::1 - - [05/Dec/2021:12:25:02 +0000] \"GET /api-docs/swagger-ui.css HTTP/1.1\" 304 - \"http://localhost:5000/api-docs/\" \"Mozilla/5.0 (X11; Linux x86_64) AppleWebKit/537.36 (KHTML, like Gecko) Chrome/96.0.4664.45 Safari/537.36\"\n"}
{"level":"info","message":"::1 - - [05/Dec/2021:12:25:02 +0000] \"GET /api-docs/swagger-ui-bundle.js HTTP/1.1\" 304 - \"http://localhost:5000/api-docs/\" \"Mozilla/5.0 (X11; Linux x86_64) AppleWebKit/537.36 (KHTML, like Gecko) Chrome/96.0.4664.45 Safari/537.36\"\n"}
{"level":"info","message":"::1 - - [05/Dec/2021:12:25:02 +0000] \"GET /api-docs/swagger-ui-standalone-preset.js HTTP/1.1\" 304 - \"http://localhost:5000/api-docs/\" \"Mozilla/5.0 (X11; Linux x86_64) AppleWebKit/537.36 (KHTML, like Gecko) Chrome/96.0.4664.45 Safari/537.36\"\n"}
{"level":"info","message":"::1 - - [05/Dec/2021:12:25:02 +0000] \"GET /api-docs/swagger-ui-init.js HTTP/1.1\" 304 - \"http://localhost:5000/api-docs/\" \"Mozilla/5.0 (X11; Linux x86_64) AppleWebKit/537.36 (KHTML, like Gecko) Chrome/96.0.4664.45 Safari/537.36\"\n"}
{"level":"info","message":"::1 - - [05/Dec/2021:12:25:02 +0000] \"GET /api-docs/swagger-ui-standalone-preset.js HTTP/1.1\" 304 - \"-\" \"Mozilla/5.0 (X11; Linux x86_64) AppleWebKit/537.36 (KHTML, like Gecko) Chrome/96.0.4664.45 Safari/537.36\"\n"}
{"level":"info","message":"::1 - - [05/Dec/2021:12:25:02 +0000] \"GET /api-docs/swagger-ui-init.js HTTP/1.1\" 304 - \"-\" \"Mozilla/5.0 (X11; Linux x86_64) AppleWebKit/537.36 (KHTML, like Gecko) Chrome/96.0.4664.45 Safari/537.36\"\n"}
{"level":"info","message":"::1 - - [05/Dec/2021:12:25:02 +0000] \"GET /api-docs/swagger-ui-bundle.js HTTP/1.1\" 304 - \"-\" \"Mozilla/5.0 (X11; Linux x86_64) AppleWebKit/537.36 (KHTML, like Gecko) Chrome/96.0.4664.45 Safari/537.36\"\n"}
{"level":"info","message":"::1 - - [05/Dec/2021:12:25:12 +0000] \"GET /api-docs/ HTTP/1.1\" 304 - \"-\" \"Mozilla/5.0 (X11; Linux x86_64) AppleWebKit/537.36 (KHTML, like Gecko) Chrome/96.0.4664.45 Safari/537.36\"\n"}
{"level":"info","message":"::1 - - [05/Dec/2021:12:25:12 +0000] \"GET /api-docs/swagger-ui.css HTTP/1.1\" 304 - \"http://localhost:5000/api-docs/\" \"Mozilla/5.0 (X11; Linux x86_64) AppleWebKit/537.36 (KHTML, like Gecko) Chrome/96.0.4664.45 Safari/537.36\"\n"}
{"level":"info","message":"::1 - - [05/Dec/2021:12:25:12 +0000] \"GET /api-docs/swagger-ui-bundle.js HTTP/1.1\" 304 - \"http://localhost:5000/api-docs/\" \"Mozilla/5.0 (X11; Linux x86_64) AppleWebKit/537.36 (KHTML, like Gecko) Chrome/96.0.4664.45 Safari/537.36\"\n"}
{"level":"info","message":"::1 - - [05/Dec/2021:12:25:12 +0000] \"GET /api-docs/swagger-ui-init.js HTTP/1.1\" 304 - \"http://localhost:5000/api-docs/\" \"Mozilla/5.0 (X11; Linux x86_64) AppleWebKit/537.36 (KHTML, like Gecko) Chrome/96.0.4664.45 Safari/537.36\"\n"}
{"level":"info","message":"::1 - - [05/Dec/2021:12:25:12 +0000] \"GET /api-docs/swagger-ui-standalone-preset.js HTTP/1.1\" 304 - \"http://localhost:5000/api-docs/\" \"Mozilla/5.0 (X11; Linux x86_64) AppleWebKit/537.36 (KHTML, like Gecko) Chrome/96.0.4664.45 Safari/537.36\"\n"}
{"level":"info","message":"::1 - - [05/Dec/2021:12:25:12 +0000] \"GET /api-docs/favicon-32x32.png HTTP/1.1\" 304 - \"http://localhost:5000/api-docs/\" \"Mozilla/5.0 (X11; Linux x86_64) AppleWebKit/537.36 (KHTML, like Gecko) Chrome/96.0.4664.45 Safari/537.36\"\n"}
{"level":"info","message":"::1 - - [05/Dec/2021:12:57:05 +0000] \"POST /api/users/login HTTP/1.1\" 200 288 \"http://localhost:3000/\" \"Mozilla/5.0 (X11; Linux x86_64) AppleWebKit/537.36 (KHTML, like Gecko) Chrome/96.0.4664.45 Safari/537.36\"\n"}
{"level":"info","message":"::1 - - [05/Dec/2021:12:57:45 +0000] \"POST /api/users/login HTTP/1.1\" 200 288 \"http://localhost:3000/\" \"Mozilla/5.0 (X11; Linux x86_64) AppleWebKit/537.36 (KHTML, like Gecko) Chrome/96.0.4664.45 Safari/537.36\"\n"}
{"level":"info","message":"::1 - - [05/Dec/2021:12:58:10 +0000] \"POST /api/users/login HTTP/1.1\" 200 288 \"http://localhost:3000/\" \"Mozilla/5.0 (X11; Linux x86_64) AppleWebKit/537.36 (KHTML, like Gecko) Chrome/96.0.4664.45 Safari/537.36\"\n"}
{"level":"info","message":"::1 - - [06/Dec/2021:14:25:19 +0000] \"POST /api/todo HTTP/1.1\" 201 119 \"-\" \"Mozilla/5.0 (X11; Linux x86_64) AppleWebKit/537.36 (KHTML, like Gecko) Chrome/96.0.4664.45 Safari/537.36\"\n"}
{"level":"info","message":"::1 - - [06/Dec/2021:14:26:29 +0000] \"GET /api/todo HTTP/1.1\" 200 2 \"-\" \"Mozilla/5.0 (X11; Linux x86_64) AppleWebKit/537.36 (KHTML, like Gecko) Chrome/96.0.4664.45 Safari/537.36\"\n"}
{"level":"info","message":"::1 - - [06/Dec/2021:14:27:08 +0000] \"GET /api/todo HTTP/1.1\" 200 2 \"-\" \"Mozilla/5.0 (X11; Linux x86_64) AppleWebKit/537.36 (KHTML, like Gecko) Chrome/96.0.4664.45 Safari/537.36\"\n"}
{"level":"info","message":"::1 - - [06/Dec/2021:14:27:33 +0000] \"GET /api/todo HTTP/1.1\" 200 2 \"-\" \"Mozilla/5.0 (X11; Linux x86_64) AppleWebKit/537.36 (KHTML, like Gecko) Chrome/96.0.4664.45 Safari/537.36\"\n"}
{"date":"Mon Dec 06 2021 19:58:14 GMT+0530 (India Standard Time)","error":{"address":"::","code":"EADDRINUSE","errno":-98,"port":5000,"syscall":"listen"},"exception":true,"level":"error","message":"uncaughtException: listen EADDRINUSE: address already in use :::5000\nError: listen EADDRINUSE: address already in use :::5000\n    at Server.setupListenHandle [as _listen2] (node:net:1334:16)\n    at listenInCluster (node:net:1382:12)\n    at Server.listen (node:net:1469:7)\n    at Function.listen (/home/sumit/Desktop/todobackend/node_modules/express/lib/application.js:618:24)\n    at file:///home/sumit/Desktop/todobackend/server.js:85:5\n    at ModuleJob.run (node:internal/modules/esm/module_job:185:25)\n    at async Promise.all (index 0)\n    at async ESMLoader.import (node:internal/modules/esm/loader:281:24)\n    at async loadESM (node:internal/process/esm_loader:88:5)\n    at async handleMainPromise (node:internal/modules/run_main:65:12)","os":{"loadavg":[1.5,1.3,1.2],"uptime":41312.89},"process":{"argv":["/usr/bin/node","/home/sumit/Desktop/todobackend/server.js"],"cwd":"/home/sumit/Desktop/todobackend","execPath":"/usr/bin/node","gid":1000,"memoryUsage":{"arrayBuffers":18522317,"external":19777270,"heapTotal":63946752,"heapUsed":33705920,"rss":92991488},"pid":17569,"uid":1000,"version":"v16.13.0"},"stack":"Error: listen EADDRINUSE: address already in use :::5000\n    at Server.setupListenHandle [as _listen2] (node:net:1334:16)\n    at listenInCluster (node:net:1382:12)\n    at Server.listen (node:net:1469:7)\n    at Function.listen (/home/sumit/Desktop/todobackend/node_modules/express/lib/application.js:618:24)\n    at file:///home/sumit/Desktop/todobackend/server.js:85:5\n    at ModuleJob.run (node:internal/modules/esm/module_job:185:25)\n    at async Promise.all (index 0)\n    at async ESMLoader.import (node:internal/modules/esm/loader:281:24)\n    at async loadESM (node:internal/process/esm_loader:88:5)\n    at async handleMainPromise (node:internal/modules/run_main:65:12)","trace":[{"column":16,"file":"node:net","function":"Server.setupListenHandle [as _listen2]","line":1334,"method":"setupListenHandle [as _listen2]","native":false},{"column":12,"file":"node:net","function":"listenInCluster","line":1382,"method":null,"native":false},{"column":7,"file":"node:net","function":"Server.listen","line":1469,"method":"listen","native":false},{"column":24,"file":"/home/sumit/Desktop/todobackend/node_modules/express/lib/application.js","function":"Function.listen","line":618,"method":"listen","native":false},{"column":5,"file":"file:///home/sumit/Desktop/todobackend/server.js","function":null,"line":85,"method":null,"native":false},{"column":25,"file":"node:internal/modules/esm/module_job","function":"ModuleJob.run","line":185,"method":"run","native":false},{"column":null,"file":null,"function":"async Promise.all","line":null,"method":"all","native":false},{"column":24,"file":"node:internal/modules/esm/loader","function":"async ESMLoader.import","line":281,"method":"import","native":false},{"column":5,"file":"node:internal/process/esm_loader","function":"async loadESM","line":88,"method":null,"native":false},{"column":12,"file":"node:internal/modules/run_main","function":"async handleMainPromise","line":65,"method":null,"native":false}]}
{"date":"Mon Dec 06 2021 19:58:23 GMT+0530 (India Standard Time)","error":{"address":"::","code":"EADDRINUSE","errno":-98,"port":5000,"syscall":"listen"},"exception":true,"level":"error","message":"uncaughtException: listen EADDRINUSE: address already in use :::5000\nError: listen EADDRINUSE: address already in use :::5000\n    at Server.setupListenHandle [as _listen2] (node:net:1334:16)\n    at listenInCluster (node:net:1382:12)\n    at Server.listen (node:net:1469:7)\n    at Function.listen (/home/sumit/Desktop/todobackend/node_modules/express/lib/application.js:618:24)\n    at file:///home/sumit/Desktop/todobackend/server.js:85:5\n    at ModuleJob.run (node:internal/modules/esm/module_job:185:25)\n    at async Promise.all (index 0)\n    at async ESMLoader.import (node:internal/modules/esm/loader:281:24)\n    at async loadESM (node:internal/process/esm_loader:88:5)\n    at async handleMainPromise (node:internal/modules/run_main:65:12)","os":{"loadavg":[1.64,1.34,1.21],"uptime":41321.42},"process":{"argv":["/usr/bin/node","/home/sumit/Desktop/todobackend/server.js"],"cwd":"/home/sumit/Desktop/todobackend","execPath":"/usr/bin/node","gid":1000,"memoryUsage":{"arrayBuffers":18522317,"external":19777270,"heapTotal":63684608,"heapUsed":33948952,"rss":92712960},"pid":17659,"uid":1000,"version":"v16.13.0"},"stack":"Error: listen EADDRINUSE: address already in use :::5000\n    at Server.setupListenHandle [as _listen2] (node:net:1334:16)\n    at listenInCluster (node:net:1382:12)\n    at Server.listen (node:net:1469:7)\n    at Function.listen (/home/sumit/Desktop/todobackend/node_modules/express/lib/application.js:618:24)\n    at file:///home/sumit/Desktop/todobackend/server.js:85:5\n    at ModuleJob.run (node:internal/modules/esm/module_job:185:25)\n    at async Promise.all (index 0)\n    at async ESMLoader.import (node:internal/modules/esm/loader:281:24)\n    at async loadESM (node:internal/process/esm_loader:88:5)\n    at async handleMainPromise (node:internal/modules/run_main:65:12)","trace":[{"column":16,"file":"node:net","function":"Server.setupListenHandle [as _listen2]","line":1334,"method":"setupListenHandle [as _listen2]","native":false},{"column":12,"file":"node:net","function":"listenInCluster","line":1382,"method":null,"native":false},{"column":7,"file":"node:net","function":"Server.listen","line":1469,"method":"listen","native":false},{"column":24,"file":"/home/sumit/Desktop/todobackend/node_modules/express/lib/application.js","function":"Function.listen","line":618,"method":"listen","native":false},{"column":5,"file":"file:///home/sumit/Desktop/todobackend/server.js","function":null,"line":85,"method":null,"native":false},{"column":25,"file":"node:internal/modules/esm/module_job","function":"ModuleJob.run","line":185,"method":"run","native":false},{"column":null,"file":null,"function":"async Promise.all","line":null,"method":"all","native":false},{"column":24,"file":"node:internal/modules/esm/loader","function":"async ESMLoader.import","line":281,"method":"import","native":false},{"column":5,"file":"node:internal/process/esm_loader","function":"async loadESM","line":88,"method":null,"native":false},{"column":12,"file":"node:internal/modules/run_main","function":"async handleMainPromise","line":65,"method":null,"native":false}]}
{"date":"Mon Dec 06 2021 19:58:37 GMT+0530 (India Standard Time)","error":{"address":"::","code":"EADDRINUSE","errno":-98,"port":5000,"syscall":"listen"},"exception":true,"level":"error","message":"uncaughtException: listen EADDRINUSE: address already in use :::5000\nError: listen EADDRINUSE: address already in use :::5000\n    at Server.setupListenHandle [as _listen2] (node:net:1334:16)\n    at listenInCluster (node:net:1382:12)\n    at Server.listen (node:net:1469:7)\n    at Function.listen (/home/sumit/Desktop/todobackend/node_modules/express/lib/application.js:618:24)\n    at file:///home/sumit/Desktop/todobackend/server.js:85:5\n    at ModuleJob.run (node:internal/modules/esm/module_job:185:25)\n    at async Promise.all (index 0)\n    at async ESMLoader.import (node:internal/modules/esm/loader:281:24)\n    at async loadESM (node:internal/process/esm_loader:88:5)\n    at async handleMainPromise (node:internal/modules/run_main:65:12)","os":{"loadavg":[1.55,1.33,1.21],"uptime":41335.27},"process":{"argv":["/usr/bin/node","/home/sumit/Desktop/todobackend/server.js"],"cwd":"/home/sumit/Desktop/todobackend","execPath":"/usr/bin/node","gid":1000,"memoryUsage":{"arrayBuffers":18487905,"external":19742858,"heapTotal":64208896,"heapUsed":33869184,"rss":93437952},"pid":17791,"uid":1000,"version":"v16.13.0"},"stack":"Error: listen EADDRINUSE: address already in use :::5000\n    at Server.setupListenHandle [as _listen2] (node:net:1334:16)\n    at listenInCluster (node:net:1382:12)\n    at Server.listen (node:net:1469:7)\n    at Function.listen (/home/sumit/Desktop/todobackend/node_modules/express/lib/application.js:618:24)\n    at file:///home/sumit/Desktop/todobackend/server.js:85:5\n    at ModuleJob.run (node:internal/modules/esm/module_job:185:25)\n    at async Promise.all (index 0)\n    at async ESMLoader.import (node:internal/modules/esm/loader:281:24)\n    at async loadESM (node:internal/process/esm_loader:88:5)\n    at async handleMainPromise (node:internal/modules/run_main:65:12)","trace":[{"column":16,"file":"node:net","function":"Server.setupListenHandle [as _listen2]","line":1334,"method":"setupListenHandle [as _listen2]","native":false},{"column":12,"file":"node:net","function":"listenInCluster","line":1382,"method":null,"native":false},{"column":7,"file":"node:net","function":"Server.listen","line":1469,"method":"listen","native":false},{"column":24,"file":"/home/sumit/Desktop/todobackend/node_modules/express/lib/application.js","function":"Function.listen","line":618,"method":"listen","native":false},{"column":5,"file":"file:///home/sumit/Desktop/todobackend/server.js","function":null,"line":85,"method":null,"native":false},{"column":25,"file":"node:internal/modules/esm/module_job","function":"ModuleJob.run","line":185,"method":"run","native":false},{"column":null,"file":null,"function":"async Promise.all","line":null,"method":"all","native":false},{"column":24,"file":"node:internal/modules/esm/loader","function":"async ESMLoader.import","line":281,"method":"import","native":false},{"column":5,"file":"node:internal/process/esm_loader","function":"async loadESM","line":88,"method":null,"native":false},{"column":12,"file":"node:internal/modules/run_main","function":"async handleMainPromise","line":65,"method":null,"native":false}]}
{"level":"info","message":"::1 - - [06/Dec/2021:14:29:01 +0000] \"GET /api/todo HTTP/1.1\" 201 2 \"-\" \"Mozilla/5.0 (X11; Linux x86_64) AppleWebKit/537.36 (KHTML, like Gecko) Chrome/96.0.4664.45 Safari/537.36\"\n"}
{"level":"info","message":"::1 - - [06/Dec/2021:14:29:18 +0000] \"GET /api/todo HTTP/1.1\" 201 2 \"-\" \"Mozilla/5.0 (X11; Linux x86_64) AppleWebKit/537.36 (KHTML, like Gecko) Chrome/96.0.4664.45 Safari/537.36\"\n"}
{"level":"info","message":"::1 - - [06/Dec/2021:14:29:54 +0000] \"GET /api/todo HTTP/1.1\" 201 2 \"-\" \"Mozilla/5.0 (X11; Linux x86_64) AppleWebKit/537.36 (KHTML, like Gecko) Chrome/96.0.4664.45 Safari/537.36\"\n"}
{"level":"info","message":"::1 - - [06/Dec/2021:14:30:18 +0000] \"GET /api/todo HTTP/1.1\" 201 119 \"-\" \"Mozilla/5.0 (X11; Linux x86_64) AppleWebKit/537.36 (KHTML, like Gecko) Chrome/96.0.4664.45 Safari/537.36\"\n"}
{"level":"error","message":"500 - Not Found - /api/todo/getUserTodo/61a83db51aeb546f7e2b3bc9 - /api/todo/getUserTodo/61a83db51aeb546f7e2b3bc9 - GET - ::1"}
{"level":"info","message":"::1 - - [06/Dec/2021:14:31:25 +0000] \"GET /api/todo/getUserTodo/61a83db51aeb546f7e2b3bc9 HTTP/1.1\" 500 1957 \"-\" \"Mozilla/5.0 (X11; Linux x86_64) AppleWebKit/537.36 (KHTML, like Gecko) Chrome/96.0.4664.45 Safari/537.36\"\n"}
{"level":"error","message":"500 - Not Found - /api/todo/getUserTodo/61a83db51aeb546f7e2b3bc9 - /api/todo/getUserTodo/61a83db51aeb546f7e2b3bc9 - GET - ::1"}
{"level":"info","message":"::1 - - [06/Dec/2021:14:32:11 +0000] \"GET /api/todo/getUserTodo/61a83db51aeb546f7e2b3bc9 HTTP/1.1\" 500 1957 \"-\" \"Mozilla/5.0 (X11; Linux x86_64) AppleWebKit/537.36 (KHTML, like Gecko) Chrome/96.0.4664.45 Safari/537.36\"\n"}
{"level":"error","message":"500 - Not Found - /api/todo/getUserTodo/61a83db51aeb546f7e2b3bc9 - /api/todo/getUserTodo/61a83db51aeb546f7e2b3bc9 - GET - ::1"}
{"level":"info","message":"::1 - - [06/Dec/2021:14:32:28 +0000] \"GET /api/todo/getUserTodo/61a83db51aeb546f7e2b3bc9 HTTP/1.1\" 500 1957 \"-\" \"Mozilla/5.0 (X11; Linux x86_64) AppleWebKit/537.36 (KHTML, like Gecko) Chrome/96.0.4664.45 Safari/537.36\"\n"}
{"level":"error","message":"500 - Cast to ObjectId failed for value \"{ assignee: undefined }\" at path \"_id\" for model \"Todo\" - /api/todo/getUserTodo/61a83db51aeb546f7e2b3bc9 - GET - ::1"}
{"level":"info","message":"::1 - - [06/Dec/2021:14:32:54 +0000] \"GET /api/todo/getUserTodo/61a83db51aeb546f7e2b3bc9 HTTP/1.1\" 500 1947 \"-\" \"Mozilla/5.0 (X11; Linux x86_64) AppleWebKit/537.36 (KHTML, like Gecko) Chrome/96.0.4664.45 Safari/537.36\"\n"}
{"level":"error","message":"500 - Cast to ObjectId failed for value \"{ assignee: '61a83db51aeb546f7e2b3bc9' }\" at path \"_id\" for model \"Todo\" - /api/todo/getUserTodo/61a83db51aeb546f7e2b3bc9 - GET - ::1"}
{"level":"info","message":"::1 - - [06/Dec/2021:14:33:31 +0000] \"GET /api/todo/getUserTodo/61a83db51aeb546f7e2b3bc9 HTTP/1.1\" 500 1947 \"-\" \"Mozilla/5.0 (X11; Linux x86_64) AppleWebKit/537.36 (KHTML, like Gecko) Chrome/96.0.4664.45 Safari/537.36\"\n"}
{"level":"info","message":"::1 - - [06/Dec/2021:14:34:13 +0000] \"GET /api/todo/getUserTodo/61a83db51aeb546f7e2b3bc9 HTTP/1.1\" 200 2 \"-\" \"Mozilla/5.0 (X11; Linux x86_64) AppleWebKit/537.36 (KHTML, like Gecko) Chrome/96.0.4664.45 Safari/537.36\"\n"}
{"level":"info","message":"::1 - - [06/Dec/2021:14:34:43 +0000] \"GET /api/todo/getUserTodo/61a83db51aeb546f7e2b3bc9 HTTP/1.1\" 200 90 \"-\" \"Mozilla/5.0 (X11; Linux x86_64) AppleWebKit/537.36 (KHTML, like Gecko) Chrome/96.0.4664.45 Safari/537.36\"\n"}
{"level":"error","message":"500 - E11000 duplicate key error collection: myFirstDatabase.todos index: status_1 dup key: { status: \"active\" } - /api/todo - POST - ::1"}
{"level":"info","message":"::1 - - [06/Dec/2021:14:37:16 +0000] \"POST /api/todo HTTP/1.1\" 500 1947 \"-\" \"Mozilla/5.0 (X11; Linux x86_64) AppleWebKit/537.36 (KHTML, like Gecko) Chrome/96.0.4664.45 Safari/537.36\"\n"}
{"level":"info","message":"::1 - - [06/Dec/2021:14:37:21 +0000] \"GET /api/todo HTTP/1.1\" 201 119 \"-\" \"Mozilla/5.0 (X11; Linux x86_64) AppleWebKit/537.36 (KHTML, like Gecko) Chrome/96.0.4664.45 Safari/537.36\"\n"}
{"level":"error","message":"500 - todo not found - /api/todo/updateUserTodo/61ae1d4faf832842bce6377d - PUT - ::1"}
{"level":"info","message":"::1 - - [06/Dec/2021:14:37:42 +0000] \"PUT /api/todo/updateUserTodo/61ae1d4faf832842bce6377d HTTP/1.1\" 500 1947 \"-\" \"Mozilla/5.0 (X11; Linux x86_64) AppleWebKit/537.36 (KHTML, like Gecko) Chrome/96.0.4664.45 Safari/537.36\"\n"}
{"level":"error","message":"500 - todo not found - /api/todo/updateUserTodo/61ae1d4faf832842bce6377d - PUT - ::1"}
{"level":"info","message":"::1 - - [06/Dec/2021:14:37:53 +0000] \"PUT /api/todo/updateUserTodo/61ae1d4faf832842bce6377d HTTP/1.1\" 500 1947 \"-\" \"Mozilla/5.0 (X11; Linux x86_64) AppleWebKit/537.36 (KHTML, like Gecko) Chrome/96.0.4664.45 Safari/537.36\"\n"}
{"level":"error","message":"500 - Todo.save is not a function - /api/todo/updateUserTodo/61ae1d4faf832842bce6377d - PUT - ::1"}
{"level":"info","message":"::1 - - [06/Dec/2021:14:38:28 +0000] \"PUT /api/todo/updateUserTodo/61ae1d4faf832842bce6377d HTTP/1.1\" 500 1947 \"-\" \"Mozilla/5.0 (X11; Linux x86_64) AppleWebKit/537.36 (KHTML, like Gecko) Chrome/96.0.4664.45 Safari/537.36\"\n"}
{"level":"info","message":"::1 - - [06/Dec/2021:14:39:06 +0000] \"PUT /api/todo/updateUserTodo/61ae1d4faf832842bce6377d HTTP/1.1\" 200 55 \"-\" \"Mozilla/5.0 (X11; Linux x86_64) AppleWebKit/537.36 (KHTML, like Gecko) Chrome/96.0.4664.45 Safari/537.36\"\n"}
{"level":"info","message":"::1 - - [06/Dec/2021:14:39:13 +0000] \"GET /api/todo HTTP/1.1\" 201 122 \"-\" \"Mozilla/5.0 (X11; Linux x86_64) AppleWebKit/537.36 (KHTML, like Gecko) Chrome/96.0.4664.45 Safari/537.36\"\n"}
{"level":"info","message":"::1 - - [06/Dec/2021:14:42:40 +0000] \"PUT /api/todo/updateUserTodo/61ae1d4faf832842bce6377d HTTP/1.1\" 200 55 \"-\" \"Mozilla/5.0 (X11; Linux x86_64) AppleWebKit/537.36 (KHTML, like Gecko) Chrome/96.0.4664.45 Safari/537.36\"\n"}
{"level":"info","message":"::1 - - [06/Dec/2021:14:42:58 +0000] \"PUT /api/todo/updateUserTodo/61ae1d4faf832842bce6377d HTTP/1.1\" 200 52 \"-\" \"Mozilla/5.0 (X11; Linux x86_64) AppleWebKit/537.36 (KHTML, like Gecko) Chrome/96.0.4664.45 Safari/537.36\"\n"}
{"level":"info","message":"::1 - - [06/Dec/2021:14:43:05 +0000] \"GET /api/todo HTTP/1.1\" 201 119 \"-\" \"Mozilla/5.0 (X11; Linux x86_64) AppleWebKit/537.36 (KHTML, like Gecko) Chrome/96.0.4664.45 Safari/537.36\"\n"}
{"level":"error","message":"500 - Invalid email or password - /api/users/login - POST - ::1"}
{"level":"info","message":"::1 - - [06/Dec/2021:14:49:47 +0000] \"POST /api/users/login HTTP/1.1\" 500 1947 \"http://localhost:3000/\" \"Mozilla/5.0 (X11; Linux x86_64) AppleWebKit/537.36 (KHTML, like Gecko) Chrome/96.0.4664.45 Safari/537.36\"\n"}
{"level":"info","message":"::1 - - [06/Dec/2021:14:49:56 +0000] \"POST /api/users/login HTTP/1.1\" 200 288 \"http://localhost:3000/\" \"Mozilla/5.0 (X11; Linux x86_64) AppleWebKit/537.36 (KHTML, like Gecko) Chrome/96.0.4664.45 Safari/537.36\"\n"}
{"level":"info","message":"::1 - - [06/Dec/2021:14:53:00 +0000] \"POST /api/users/login HTTP/1.1\" 200 288 \"http://localhost:3000/\" \"Mozilla/5.0 (X11; Linux x86_64) AppleWebKit/537.36 (KHTML, like Gecko) Chrome/96.0.4664.45 Safari/537.36\"\n"}
{"level":"error","message":"500 - E11000 duplicate key error collection: myFirstDatabase.todos index: status_1 dup key: { status: \"active\" } - /api/todo - POST - ::1"}
{"level":"info","message":"::1 - - [06/Dec/2021:15:16:45 +0000] \"POST /api/todo HTTP/1.1\" 500 1947 \"-\" \"Mozilla/5.0 (X11; Linux x86_64) AppleWebKit/537.36 (KHTML, like Gecko) Chrome/96.0.4664.45 Safari/537.36\"\n"}
{"level":"error","message":"500 - E11000 duplicate key error collection: myFirstDatabase.todos index: status_1 dup key: { status: \"active\" } - /api/todo - POST - ::1"}
{"level":"info","message":"::1 - - [06/Dec/2021:15:18:11 +0000] \"POST /api/todo HTTP/1.1\" 500 1947 \"-\" \"Mozilla/5.0 (X11; Linux x86_64) AppleWebKit/537.36 (KHTML, like Gecko) Chrome/96.0.4664.45 Safari/537.36\"\n"}
{"level":"error","message":"500 - E11000 duplicate key error collection: myFirstDatabase.todos index: status_1 dup key: { status: \"active\" } - /api/todo - POST - ::1"}
{"level":"info","message":"::1 - - [06/Dec/2021:15:19:05 +0000] \"POST /api/todo HTTP/1.1\" 500 1947 \"-\" \"Mozilla/5.0 (X11; Linux x86_64) AppleWebKit/537.36 (KHTML, like Gecko) Chrome/96.0.4664.45 Safari/537.36\"\n"}
{"level":"error","message":"500 - E11000 duplicate key error collection: myFirstDatabase.todos index: status_1 dup key: { status: \"active\" } - /api/todo - POST - ::1"}
{"level":"info","message":"::1 - - [06/Dec/2021:15:19:21 +0000] \"POST /api/todo HTTP/1.1\" 500 1947 \"-\" \"Mozilla/5.0 (X11; Linux x86_64) AppleWebKit/537.36 (KHTML, like Gecko) Chrome/96.0.4664.45 Safari/537.36\"\n"}
{"level":"error","message":"500 - E11000 duplicate key error collection: myFirstDatabase.todos index: status_1 dup key: { status: \"active\" } - /api/todo - POST - ::1"}
{"level":"info","message":"::1 - - [06/Dec/2021:15:20:49 +0000] \"POST /api/todo HTTP/1.1\" 500 1947 \"-\" \"Mozilla/5.0 (X11; Linux x86_64) AppleWebKit/537.36 (KHTML, like Gecko) Chrome/96.0.4664.45 Safari/537.36\"\n"}
{"level":"info","message":"::1 - - [06/Dec/2021:15:21:11 +0000] \"POST /api/todo HTTP/1.1\" 201 121 \"-\" \"Mozilla/5.0 (X11; Linux x86_64) AppleWebKit/537.36 (KHTML, like Gecko) Chrome/96.0.4664.45 Safari/537.36\"\n"}
{"level":"error","message":"500 - E11000 duplicate key error collection: myFirstDatabase.todos index: status_1 dup key: { status: \"active\" } - /api/todo - POST - ::1"}
{"level":"info","message":"::1 - - [06/Dec/2021:15:21:44 +0000] \"POST /api/todo HTTP/1.1\" 500 1947 \"-\" \"Mozilla/5.0 (X11; Linux x86_64) AppleWebKit/537.36 (KHTML, like Gecko) Chrome/96.0.4664.45 Safari/537.36\"\n"}
{"level":"info","message":"::1 - - [06/Dec/2021:15:22:34 +0000] \"POST /api/todo HTTP/1.1\" 201 121 \"-\" \"Mozilla/5.0 (X11; Linux x86_64) AppleWebKit/537.36 (KHTML, like Gecko) Chrome/96.0.4664.45 Safari/537.36\"\n"}
{"level":"info","message":"::1 - - [06/Dec/2021:15:22:36 +0000] \"POST /api/todo HTTP/1.1\" 201 121 \"-\" \"Mozilla/5.0 (X11; Linux x86_64) AppleWebKit/537.36 (KHTML, like Gecko) Chrome/96.0.4664.45 Safari/537.36\"\n"}
{"level":"info","message":"::1 - - [06/Dec/2021:15:29:39 +0000] \"GET /api/todo HTTP/1.1\" 201 121 \"-\" \"Mozilla/5.0 (X11; Linux x86_64) AppleWebKit/537.36 (KHTML, like Gecko) Chrome/96.0.4664.45 Safari/537.36\"\n"}
{"level":"error","message":"500 - Not Found - /favicon.ico - /favicon.ico - GET - ::1"}
{"level":"info","message":"::1 - - [06/Dec/2021:15:29:40 +0000] \"GET /favicon.ico HTTP/1.1\" 500 1971 \"http://localhost:5000/api/todo\" \"Mozilla/5.0 (X11; Linux x86_64) AppleWebKit/537.36 (KHTML, like Gecko) Chrome/96.0.4664.45 Safari/537.36\"\n"}
{"level":"info","message":"::1 - - [06/Dec/2021:15:30:33 +0000] \"POST /api/todo HTTP/1.1\" 201 113 \"http://localhost:3000/\" \"Mozilla/5.0 (X11; Linux x86_64) AppleWebKit/537.36 (KHTML, like Gecko) Chrome/96.0.4664.45 Safari/537.36\"\n"}
{"level":"info","message":"::1 - - [06/Dec/2021:17:08:38 +0000] \"POST /api/todo HTTP/1.1\" 201 115 \"http://localhost:3000/\" \"Mozilla/5.0 (X11; Linux x86_64) AppleWebKit/537.36 (KHTML, like Gecko) Chrome/96.0.4664.45 Safari/537.36\"\n"}
{"level":"info","message":"::1 - - [06/Dec/2021:17:08:50 +0000] \"POST /api/todo HTTP/1.1\" 201 114 \"http://localhost:3000/\" \"Mozilla/5.0 (X11; Linux x86_64) AppleWebKit/537.36 (KHTML, like Gecko) Chrome/96.0.4664.45 Safari/537.36\"\n"}
{"level":"info","message":"::1 - - [06/Dec/2021:17:34:49 +0000] \"POST /api/todo HTTP/1.1\" 201 120 \"-\" \"Mozilla/5.0 (X11; Linux x86_64) AppleWebKit/537.36 (KHTML, like Gecko) Chrome/96.0.4664.45 Safari/537.36\"\n"}
{"level":"info","message":"::1 - - [06/Dec/2021:17:37:34 +0000] \"POST /api/todo HTTP/1.1\" 201 115 \"http://localhost:3000/\" \"Mozilla/5.0 (X11; Linux x86_64) AppleWebKit/537.36 (KHTML, like Gecko) Chrome/96.0.4664.45 Safari/537.36\"\n"}
{"level":"info","message":"::1 - - [06/Dec/2021:17:37:45 +0000] \"PUT /api/todo/updateUserTodo/61ae4a5e218e767545b48b2d HTTP/1.1\" 200 51 \"http://localhost:3000/\" \"Mozilla/5.0 (X11; Linux x86_64) AppleWebKit/537.36 (KHTML, like Gecko) Chrome/96.0.4664.45 Safari/537.36\"\n"}
{"level":"info","message":"::1 - - [06/Dec/2021:17:37:54 +0000] \"PUT /api/todo/updateUserTodo/61ae4a5e218e767545b48b2d HTTP/1.1\" 200 51 \"http://localhost:3000/\" \"Mozilla/5.0 (X11; Linux x86_64) AppleWebKit/537.36 (KHTML, like Gecko) Chrome/96.0.4664.45 Safari/537.36\"\n"}
{"level":"info","message":"::1 - - [07/Dec/2021:02:56:48 +0000] \"POST /api/todo HTTP/1.1\" 201 112 \"http://localhost:3000/\" \"Mozilla/5.0 (X11; Linux x86_64) AppleWebKit/537.36 (KHTML, like Gecko) Chrome/96.0.4664.45 Safari/537.36\"\n"}
{"level":"info","message":"::1 - - [07/Dec/2021:02:59:00 +0000] \"POST /api/todo HTTP/1.1\" 201 109 \"http://localhost:3000/\" \"Mozilla/5.0 (X11; Linux x86_64) AppleWebKit/537.36 (KHTML, like Gecko) Chrome/96.0.4664.45 Safari/537.36\"\n"}
{"level":"info","message":"::1 - - [07/Dec/2021:02:59:20 +0000] \"POST /api/todo HTTP/1.1\" 201 113 \"http://localhost:3000/\" \"Mozilla/5.0 (X11; Linux x86_64) AppleWebKit/537.36 (KHTML, like Gecko) Chrome/96.0.4664.45 Safari/537.36\"\n"}
{"level":"info","message":"::1 - - [07/Dec/2021:03:00:51 +0000] \"POST /api/todo HTTP/1.1\" 201 113 \"http://localhost:3000/\" \"Mozilla/5.0 (X11; Linux x86_64) AppleWebKit/537.36 (KHTML, like Gecko) Chrome/96.0.4664.45 Safari/537.36\"\n"}
{"level":"info","message":"::1 - - [07/Dec/2021:03:01:25 +0000] \"PUT /api/todo/updateUserTodo/61aece63cdb420141c44b0d7 HTTP/1.1\" 200 51 \"http://localhost:3000/\" \"Mozilla/5.0 (X11; Linux x86_64) AppleWebKit/537.36 (KHTML, like Gecko) Chrome/96.0.4664.45 Safari/537.36\"\n"}
{"level":"info","message":"::1 - - [07/Dec/2021:03:01:26 +0000] \"PUT /api/todo/updateUserTodo/61aece63cdb420141c44b0d7 HTTP/1.1\" 200 51 \"http://localhost:3000/\" \"Mozilla/5.0 (X11; Linux x86_64) AppleWebKit/537.36 (KHTML, like Gecko) Chrome/96.0.4664.45 Safari/537.36\"\n"}
{"level":"info","message":"::1 - - [07/Dec/2021:03:01:29 +0000] \"PUT /api/todo/updateUserTodo/61aece63cdb420141c44b0d7 HTTP/1.1\" 200 51 \"http://localhost:3000/\" \"Mozilla/5.0 (X11; Linux x86_64) AppleWebKit/537.36 (KHTML, like Gecko) Chrome/96.0.4664.45 Safari/537.36\"\n"}
{"level":"info","message":"::1 - - [07/Dec/2021:03:01:30 +0000] \"PUT /api/todo/updateUserTodo/61aece63cdb420141c44b0d7 HTTP/1.1\" 200 51 \"http://localhost:3000/\" \"Mozilla/5.0 (X11; Linux x86_64) AppleWebKit/537.36 (KHTML, like Gecko) Chrome/96.0.4664.45 Safari/537.36\"\n"}
{"level":"info","message":"::1 - - [07/Dec/2021:03:01:32 +0000] \"PUT /api/todo/updateUserTodo/61aece63cdb420141c44b0d7 HTTP/1.1\" 200 51 \"http://localhost:3000/\" \"Mozilla/5.0 (X11; Linux x86_64) AppleWebKit/537.36 (KHTML, like Gecko) Chrome/96.0.4664.45 Safari/537.36\"\n"}
{"level":"info","message":"::1 - - [07/Dec/2021:03:01:40 +0000] \"PUT /api/todo/updateUserTodo/61aece63cdb420141c44b0d7 HTTP/1.1\" 200 51 \"http://localhost:3000/\" \"Mozilla/5.0 (X11; Linux x86_64) AppleWebKit/537.36 (KHTML, like Gecko) Chrome/96.0.4664.45 Safari/537.36\"\n"}
{"level":"info","message":"::1 - - [07/Dec/2021:03:08:45 +0000] \"POST /api/todo HTTP/1.1\" 201 111 \"http://localhost:3000/\" \"Mozilla/5.0 (X11; Linux x86_64) AppleWebKit/537.36 (KHTML, like Gecko) Chrome/96.0.4664.45 Safari/537.36\"\n"}
{"level":"info","message":"::1 - - [07/Dec/2021:03:09:55 +0000] \"POST /api/todo HTTP/1.1\" 201 110 \"http://localhost:3000/\" \"Mozilla/5.0 (X11; Linux x86_64) AppleWebKit/537.36 (KHTML, like Gecko) Chrome/96.0.4664.45 Safari/537.36\"\n"}
{"level":"info","message":"::1 - - [07/Dec/2021:03:18:42 +0000] \"POST /api/todo HTTP/1.1\" 201 113 \"http://localhost:3000/\" \"Mozilla/5.0 (X11; Linux x86_64) AppleWebKit/537.36 (KHTML, like Gecko) Chrome/96.0.4664.45 Safari/537.36\"\n"}
{"level":"info","message":"::1 - - [07/Dec/2021:03:19:33 +0000] \"POST /api/todo HTTP/1.1\" 201 112 \"http://localhost:3000/\" \"Mozilla/5.0 (X11; Linux x86_64) AppleWebKit/537.36 (KHTML, like Gecko) Chrome/96.0.4664.45 Safari/537.36\"\n"}
{"level":"info","message":"::1 - - [07/Dec/2021:03:21:50 +0000] \"POST /api/todo HTTP/1.1\" 201 109 \"http://localhost:3000/\" \"Mozilla/5.0 (X11; Linux x86_64) AppleWebKit/537.36 (KHTML, like Gecko) Chrome/96.0.4664.45 Safari/537.36\"\n"}
{"level":"info","message":"::1 - - [07/Dec/2021:03:27:53 +0000] \"POST /api/todo HTTP/1.1\" 201 111 \"http://localhost:3000/\" \"Mozilla/5.0 (X11; Linux x86_64) AppleWebKit/537.36 (KHTML, like Gecko) Chrome/96.0.4664.45 Safari/537.36\"\n"}
{"level":"info","message":"::1 - - [07/Dec/2021:03:34:47 +0000] \"GET /api/todo HTTP/1.1\" 201 120 \"-\" \"Mozilla/5.0 (X11; Linux x86_64) AppleWebKit/537.36 (KHTML, like Gecko) Chrome/96.0.4664.45 Safari/537.36\"\n"}
{"level":"error","message":"500 - Todo.findAll is not a function - /api/todo - GET - ::1"}
{"level":"info","message":"::1 - - [07/Dec/2021:03:35:35 +0000] \"GET /api/todo HTTP/1.1\" 500 1947 \"-\" \"Mozilla/5.0 (X11; Linux x86_64) AppleWebKit/537.36 (KHTML, like Gecko) Chrome/96.0.4664.45 Safari/537.36\"\n"}
{"level":"info","message":"::1 - - [07/Dec/2021:03:36:09 +0000] \"GET /api/todo HTTP/1.1\" 201 120 \"-\" \"Mozilla/5.0 (X11; Linux x86_64) AppleWebKit/537.36 (KHTML, like Gecko) Chrome/96.0.4664.45 Safari/537.36\"\n"}
{"level":"info","message":"::1 - - [07/Dec/2021:03:37:02 +0000] \"GET /api/todo HTTP/1.1\" 201 2393 \"-\" \"Mozilla/5.0 (X11; Linux x86_64) AppleWebKit/537.36 (KHTML, like Gecko) Chrome/96.0.4664.45 Safari/537.36\"\n"}
{"level":"info","message":"::1 - - [07/Dec/2021:03:41:06 +0000] \"GET /api/todo HTTP/1.1\" 201 2393 \"http://localhost:3000/\" \"Mozilla/5.0 (X11; Linux x86_64) AppleWebKit/537.36 (KHTML, like Gecko) Chrome/96.0.4664.45 Safari/537.36\"\n"}
{"level":"info","message":"::1 - - [07/Dec/2021:03:41:14 +0000] \"GET /api/todo HTTP/1.1\" 201 2393 \"http://localhost:3000/\" \"Mozilla/5.0 (X11; Linux x86_64) AppleWebKit/537.36 (KHTML, like Gecko) Chrome/96.0.4664.45 Safari/537.36\"\n"}
{"level":"info","message":"::1 - - [07/Dec/2021:03:41:20 +0000] \"GET /api/todo HTTP/1.1\" 201 2393 \"http://localhost:3000/\" \"Mozilla/5.0 (X11; Linux x86_64) AppleWebKit/537.36 (KHTML, like Gecko) Chrome/96.0.4664.45 Safari/537.36\"\n"}
{"level":"info","message":"::1 - - [07/Dec/2021:03:41:28 +0000] \"GET /api/todo HTTP/1.1\" 201 2393 \"http://localhost:3000/\" \"Mozilla/5.0 (X11; Linux x86_64) AppleWebKit/537.36 (KHTML, like Gecko) Chrome/96.0.4664.45 Safari/537.36\"\n"}
{"level":"info","message":"::1 - - [07/Dec/2021:03:42:48 +0000] \"GET /api/todo HTTP/1.1\" 201 2393 \"http://localhost:3000/\" \"Mozilla/5.0 (X11; Linux x86_64) AppleWebKit/537.36 (KHTML, like Gecko) Chrome/96.0.4664.45 Safari/537.36\"\n"}
{"level":"info","message":"::1 - - [07/Dec/2021:03:47:11 +0000] \"GET /api/todo HTTP/1.1\" 201 2393 \"http://localhost:3000/\" \"Mozilla/5.0 (X11; Linux x86_64) AppleWebKit/537.36 (KHTML, like Gecko) Chrome/96.0.4664.45 Safari/537.36\"\n"}
{"level":"info","message":"::1 - - [07/Dec/2021:03:47:18 +0000] \"POST /api/todo HTTP/1.1\" 201 111 \"http://localhost:3000/\" \"Mozilla/5.0 (X11; Linux x86_64) AppleWebKit/537.36 (KHTML, like Gecko) Chrome/96.0.4664.45 Safari/537.36\"\n"}
{"level":"info","message":"::1 - - [07/Dec/2021:03:50:57 +0000] \"GET /api/todo HTTP/1.1\" 201 2591 \"http://localhost:3000/\" \"Mozilla/5.0 (X11; Linux x86_64) AppleWebKit/537.36 (KHTML, like Gecko) Chrome/96.0.4664.45 Safari/537.36\"\n"}
{"level":"info","message":"::1 - - [07/Dec/2021:03:51:03 +0000] \"GET /api/todo HTTP/1.1\" 201 2591 \"http://localhost:3000/\" \"Mozilla/5.0 (X11; Linux x86_64) AppleWebKit/537.36 (KHTML, like Gecko) Chrome/96.0.4664.45 Safari/537.36\"\n"}
{"level":"info","message":"::1 - - [07/Dec/2021:03:52:18 +0000] \"GET /api/todo HTTP/1.1\" 201 2591 \"http://localhost:3000/\" \"Mozilla/5.0 (X11; Linux x86_64) AppleWebKit/537.36 (KHTML, like Gecko) Chrome/96.0.4664.45 Safari/537.36\"\n"}
{"level":"info","message":"::1 - - [07/Dec/2021:03:58:11 +0000] \"GET /api/todo HTTP/1.1\" 201 2591 \"http://localhost:3000/\" \"Mozilla/5.0 (X11; Linux x86_64) AppleWebKit/537.36 (KHTML, like Gecko) Chrome/96.0.4664.45 Safari/537.36\"\n"}
{"level":"info","message":"::1 - - [07/Dec/2021:03:58:17 +0000] \"POST /api/todo HTTP/1.1\" 201 107 \"http://localhost:3000/\" \"Mozilla/5.0 (X11; Linux x86_64) AppleWebKit/537.36 (KHTML, like Gecko) Chrome/96.0.4664.45 Safari/537.36\"\n"}
{"level":"info","message":"::1 - - [07/Dec/2021:03:58:25 +0000] \"GET /api/todo HTTP/1.1\" 201 2785 \"http://localhost:3000/\" \"Mozilla/5.0 (X11; Linux x86_64) AppleWebKit/537.36 (KHTML, like Gecko) Chrome/96.0.4664.45 Safari/537.36\"\n"}
{"level":"info","message":"::1 - - [07/Dec/2021:04:00:56 +0000] \"GET /api/todo HTTP/1.1\" 201 2785 \"http://localhost:3000/\" \"Mozilla/5.0 (X11; Linux x86_64) AppleWebKit/537.36 (KHTML, like Gecko) Chrome/96.0.4664.45 Safari/537.36\"\n"}
{"level":"error","message":"500 - Cast to ObjectId failed for value \"undefined\" at path \"_id\" for model \"Todo\" - /api/todo/updateUserTodo/undefined - PUT - ::1"}
{"level":"info","message":"::1 - - [07/Dec/2021:04:01:09 +0000] \"PUT /api/todo/updateUserTodo/undefined HTTP/1.1\" 500 1947 \"http://localhost:3000/\" \"Mozilla/5.0 (X11; Linux x86_64) AppleWebKit/537.36 (KHTML, like Gecko) Chrome/96.0.4664.45 Safari/537.36\"\n"}
{"level":"error","message":"500 - Cast to ObjectId failed for value \"undefined\" at path \"_id\" for model \"Todo\" - /api/todo/updateUserTodo/undefined - PUT - ::1"}
{"level":"info","message":"::1 - - [07/Dec/2021:04:01:09 +0000] \"PUT /api/todo/updateUserTodo/undefined HTTP/1.1\" 500 1947 \"http://localhost:3000/\" \"Mozilla/5.0 (X11; Linux x86_64) AppleWebKit/537.36 (KHTML, like Gecko) Chrome/96.0.4664.45 Safari/537.36\"\n"}
{"level":"error","message":"500 - Cast to ObjectId failed for value \"undefined\" at path \"_id\" for model \"Todo\" - /api/todo/updateUserTodo/undefined - PUT - ::1"}
{"level":"info","message":"::1 - - [07/Dec/2021:04:01:10 +0000] \"PUT /api/todo/updateUserTodo/undefined HTTP/1.1\" 500 1947 \"http://localhost:3000/\" \"Mozilla/5.0 (X11; Linux x86_64) AppleWebKit/537.36 (KHTML, like Gecko) Chrome/96.0.4664.45 Safari/537.36\"\n"}
{"level":"error","message":"500 - Cast to ObjectId failed for value \"undefined\" at path \"_id\" for model \"Todo\" - /api/todo/updateUserTodo/undefined - PUT - ::1"}
{"level":"info","message":"::1 - - [07/Dec/2021:04:01:11 +0000] \"PUT /api/todo/updateUserTodo/undefined HTTP/1.1\" 500 1947 \"http://localhost:3000/\" \"Mozilla/5.0 (X11; Linux x86_64) AppleWebKit/537.36 (KHTML, like Gecko) Chrome/96.0.4664.45 Safari/537.36\"\n"}
{"level":"error","message":"500 - Cast to ObjectId failed for value \"undefined\" at path \"_id\" for model \"Todo\" - /api/todo/updateUserTodo/undefined - PUT - ::1"}
{"level":"info","message":"::1 - - [07/Dec/2021:04:01:23 +0000] \"PUT /api/todo/updateUserTodo/undefined HTTP/1.1\" 500 1947 \"http://localhost:3000/\" \"Mozilla/5.0 (X11; Linux x86_64) AppleWebKit/537.36 (KHTML, like Gecko) Chrome/96.0.4664.45 Safari/537.36\"\n"}
{"level":"error","message":"500 - Cast to ObjectId failed for value \"undefined\" at path \"_id\" for model \"Todo\" - /api/todo/updateUserTodo/undefined - PUT - ::1"}
{"level":"info","message":"::1 - - [07/Dec/2021:04:01:25 +0000] \"PUT /api/todo/updateUserTodo/undefined HTTP/1.1\" 500 1947 \"http://localhost:3000/\" \"Mozilla/5.0 (X11; Linux x86_64) AppleWebKit/537.36 (KHTML, like Gecko) Chrome/96.0.4664.45 Safari/537.36\"\n"}
{"level":"info","message":"::1 - - [07/Dec/2021:04:01:57 +0000] \"GET /api/todo HTTP/1.1\" 201 2785 \"http://localhost:3000/\" \"Mozilla/5.0 (X11; Linux x86_64) AppleWebKit/537.36 (KHTML, like Gecko) Chrome/96.0.4664.45 Safari/537.36\"\n"}
{"level":"info","message":"::1 - - [07/Dec/2021:15:17:08 +0000] \"GET /api/todo HTTP/1.1\" 201 2785 \"http://localhost:3000/\" \"Mozilla/5.0 (X11; Linux x86_64) AppleWebKit/537.36 (KHTML, like Gecko) Chrome/96.0.4664.45 Safari/537.36\"\n"}
{"level":"error","message":"500 - Cast to ObjectId failed for value \"undefined\" at path \"_id\" for model \"Todo\" - /api/todo/updateUserTodo/undefined - PUT - ::1"}
{"level":"info","message":"::1 - - [07/Dec/2021:15:17:44 +0000] \"PUT /api/todo/updateUserTodo/undefined HTTP/1.1\" 500 1947 \"http://localhost:3000/\" \"Mozilla/5.0 (X11; Linux x86_64) AppleWebKit/537.36 (KHTML, like Gecko) Chrome/96.0.4664.45 Safari/537.36\"\n"}
{"level":"error","message":"500 - Cast to ObjectId failed for value \"undefined\" at path \"_id\" for model \"Todo\" - /api/todo/updateUserTodo/undefined - PUT - ::1"}
{"level":"info","message":"::1 - - [07/Dec/2021:15:17:44 +0000] \"PUT /api/todo/updateUserTodo/undefined HTTP/1.1\" 500 1947 \"http://localhost:3000/\" \"Mozilla/5.0 (X11; Linux x86_64) AppleWebKit/537.36 (KHTML, like Gecko) Chrome/96.0.4664.45 Safari/537.36\"\n"}
{"level":"error","message":"500 - Cast to ObjectId failed for value \"undefined\" at path \"_id\" for model \"Todo\" - /api/todo/updateUserTodo/undefined - PUT - ::1"}
{"level":"info","message":"::1 - - [07/Dec/2021:15:17:45 +0000] \"PUT /api/todo/updateUserTodo/undefined HTTP/1.1\" 500 1947 \"http://localhost:3000/\" \"Mozilla/5.0 (X11; Linux x86_64) AppleWebKit/537.36 (KHTML, like Gecko) Chrome/96.0.4664.45 Safari/537.36\"\n"}
{"level":"error","message":"500 - Cast to ObjectId failed for value \"undefined\" at path \"_id\" for model \"Todo\" - /api/todo/updateUserTodo/undefined - PUT - ::1"}
{"level":"info","message":"::1 - - [07/Dec/2021:15:17:45 +0000] \"PUT /api/todo/updateUserTodo/undefined HTTP/1.1\" 500 1947 \"http://localhost:3000/\" \"Mozilla/5.0 (X11; Linux x86_64) AppleWebKit/537.36 (KHTML, like Gecko) Chrome/96.0.4664.45 Safari/537.36\"\n"}
{"level":"error","message":"500 - Cast to ObjectId failed for value \"undefined\" at path \"_id\" for model \"Todo\" - /api/todo/updateUserTodo/undefined - PUT - ::1"}
{"level":"info","message":"::1 - - [07/Dec/2021:15:17:46 +0000] \"PUT /api/todo/updateUserTodo/undefined HTTP/1.1\" 500 1947 \"http://localhost:3000/\" \"Mozilla/5.0 (X11; Linux x86_64) AppleWebKit/537.36 (KHTML, like Gecko) Chrome/96.0.4664.45 Safari/537.36\"\n"}
{"level":"error","message":"500 - Cast to ObjectId failed for value \"undefined\" at path \"_id\" for model \"Todo\" - /api/todo/updateUserTodo/undefined - PUT - ::1"}
{"level":"info","message":"::1 - - [07/Dec/2021:15:17:55 +0000] \"PUT /api/todo/updateUserTodo/undefined HTTP/1.1\" 500 1947 \"http://localhost:3000/\" \"Mozilla/5.0 (X11; Linux x86_64) AppleWebKit/537.36 (KHTML, like Gecko) Chrome/96.0.4664.45 Safari/537.36\"\n"}
{"level":"info","message":"::1 - - [07/Dec/2021:15:20:02 +0000] \"GET /api/todo HTTP/1.1\" 201 2785 \"http://localhost:3000/\" \"Mozilla/5.0 (X11; Linux x86_64) AppleWebKit/537.36 (KHTML, like Gecko) Chrome/96.0.4664.45 Safari/537.36\"\n"}
{"level":"info","message":"::1 - - [07/Dec/2021:15:20:05 +0000] \"PUT /api/todo/updateUserTodo/61ae4a5e218e767545b48b2d HTTP/1.1\" 200 51 \"http://localhost:3000/\" \"Mozilla/5.0 (X11; Linux x86_64) AppleWebKit/537.36 (KHTML, like Gecko) Chrome/96.0.4664.45 Safari/537.36\"\n"}
{"level":"info","message":"::1 - - [07/Dec/2021:15:20:12 +0000] \"PUT /api/todo/updateUserTodo/61ae49b9218e767545b48b2c HTTP/1.1\" 200 51 \"http://localhost:3000/\" \"Mozilla/5.0 (X11; Linux x86_64) AppleWebKit/537.36 (KHTML, like Gecko) Chrome/96.0.4664.45 Safari/537.36\"\n"}
{"level":"info","message":"::1 - - [07/Dec/2021:15:20:15 +0000] \"PUT /api/todo/updateUserTodo/61aed946325d732213b65060 HTTP/1.1\" 200 51 \"http://localhost:3000/\" \"Mozilla/5.0 (X11; Linux x86_64) AppleWebKit/537.36 (KHTML, like Gecko) Chrome/96.0.4664.45 Safari/537.36\"\n"}
{"level":"info","message":"::1 - - [07/Dec/2021:15:20:16 +0000] \"PUT /api/todo/updateUserTodo/61aed946325d732213b65060 HTTP/1.1\" 200 51 \"http://localhost:3000/\" \"Mozilla/5.0 (X11; Linux x86_64) AppleWebKit/537.36 (KHTML, like Gecko) Chrome/96.0.4664.45 Safari/537.36\"\n"}
{"level":"info","message":"::1 - - [07/Dec/2021:15:23:02 +0000] \"GET /api/todo HTTP/1.1\" 201 2785 \"http://localhost:3000/\" \"Mozilla/5.0 (X11; Linux x86_64) AppleWebKit/537.36 (KHTML, like Gecko) Chrome/96.0.4664.45 Safari/537.36\"\n"}
{"level":"info","message":"::1 - - [07/Dec/2021:15:23:06 +0000] \"PUT /api/todo/updateUserTodo/61aed946325d732213b65060 HTTP/1.1\" 200 51 \"http://localhost:3000/\" \"Mozilla/5.0 (X11; Linux x86_64) AppleWebKit/537.36 (KHTML, like Gecko) Chrome/96.0.4664.45 Safari/537.36\"\n"}
{"level":"info","message":"::1 - - [07/Dec/2021:15:23:13 +0000] \"PUT /api/todo/updateUserTodo/61aedbd9325d732213b65061 HTTP/1.1\" 200 51 \"http://localhost:3000/\" \"Mozilla/5.0 (X11; Linux x86_64) AppleWebKit/537.36 (KHTML, like Gecko) Chrome/96.0.4664.45 Safari/537.36\"\n"}
{"level":"info","message":"::1 - - [07/Dec/2021:15:24:10 +0000] \"GET /api/todo HTTP/1.1\" 201 2785 \"http://localhost:3000/\" \"Mozilla/5.0 (X11; Linux x86_64) AppleWebKit/537.36 (KHTML, like Gecko) Chrome/96.0.4664.45 Safari/537.36\"\n"}
{"level":"info","message":"::1 - - [07/Dec/2021:15:24:12 +0000] \"PUT /api/todo/updateUserTodo/61aedbd9325d732213b65061 HTTP/1.1\" 200 51 \"http://localhost:3000/\" \"Mozilla/5.0 (X11; Linux x86_64) AppleWebKit/537.36 (KHTML, like Gecko) Chrome/96.0.4664.45 Safari/537.36\"\n"}
{"level":"info","message":"::1 - - [07/Dec/2021:15:25:03 +0000] \"PUT /api/todo/updateUserTodo/61aedbd9325d732213b65061 HTTP/1.1\" 200 51 \"http://localhost:3000/\" \"Mozilla/5.0 (X11; Linux x86_64) AppleWebKit/537.36 (KHTML, like Gecko) Chrome/96.0.4664.45 Safari/537.36\"\n"}
{"level":"info","message":"::1 - - [07/Dec/2021:15:25:06 +0000] \"PUT /api/todo/updateUserTodo/61aed946325d732213b65060 HTTP/1.1\" 200 51 \"http://localhost:3000/\" \"Mozilla/5.0 (X11; Linux x86_64) AppleWebKit/537.36 (KHTML, like Gecko) Chrome/96.0.4664.45 Safari/537.36\"\n"}
{"level":"info","message":"::1 - - [07/Dec/2021:15:25:08 +0000] \"PUT /api/todo/updateUserTodo/61aed946325d732213b65060 HTTP/1.1\" 200 51 \"http://localhost:3000/\" \"Mozilla/5.0 (X11; Linux x86_64) AppleWebKit/537.36 (KHTML, like Gecko) Chrome/96.0.4664.45 Safari/537.36\"\n"}
{"level":"info","message":"::1 - - [07/Dec/2021:15:25:09 +0000] \"PUT /api/todo/updateUserTodo/61aed946325d732213b65060 HTTP/1.1\" 200 51 \"http://localhost:3000/\" \"Mozilla/5.0 (X11; Linux x86_64) AppleWebKit/537.36 (KHTML, like Gecko) Chrome/96.0.4664.45 Safari/537.36\"\n"}
{"level":"info","message":"::1 - - [07/Dec/2021:15:25:10 +0000] \"PUT /api/todo/updateUserTodo/61aed946325d732213b65060 HTTP/1.1\" 200 51 \"http://localhost:3000/\" \"Mozilla/5.0 (X11; Linux x86_64) AppleWebKit/537.36 (KHTML, like Gecko) Chrome/96.0.4664.45 Safari/537.36\"\n"}
{"level":"info","message":"::1 - - [07/Dec/2021:15:25:22 +0000] \"PUT /api/todo/updateUserTodo/61ae49b9218e767545b48b2c HTTP/1.1\" 200 51 \"http://localhost:3000/\" \"Mozilla/5.0 (X11; Linux x86_64) AppleWebKit/537.36 (KHTML, like Gecko) Chrome/96.0.4664.45 Safari/537.36\"\n"}
{"level":"info","message":"::1 - - [07/Dec/2021:15:26:10 +0000] \"PUT /api/todo/updateUserTodo/61ae49b9218e767545b48b2c HTTP/1.1\" 200 51 \"http://localhost:3000/\" \"Mozilla/5.0 (X11; Linux x86_64) AppleWebKit/537.36 (KHTML, like Gecko) Chrome/96.0.4664.45 Safari/537.36\"\n"}
{"level":"info","message":"::1 - - [07/Dec/2021:15:26:10 +0000] \"PUT /api/todo/updateUserTodo/61ae49b9218e767545b48b2c HTTP/1.1\" 200 51 \"http://localhost:3000/\" \"Mozilla/5.0 (X11; Linux x86_64) AppleWebKit/537.36 (KHTML, like Gecko) Chrome/96.0.4664.45 Safari/537.36\"\n"}
{"level":"info","message":"::1 - - [07/Dec/2021:15:26:11 +0000] \"PUT /api/todo/updateUserTodo/61ae49b9218e767545b48b2c HTTP/1.1\" 200 51 \"http://localhost:3000/\" \"Mozilla/5.0 (X11; Linux x86_64) AppleWebKit/537.36 (KHTML, like Gecko) Chrome/96.0.4664.45 Safari/537.36\"\n"}
{"level":"info","message":"::1 - - [07/Dec/2021:15:26:12 +0000] \"PUT /api/todo/updateUserTodo/61ae4a5e218e767545b48b2d HTTP/1.1\" 200 51 \"http://localhost:3000/\" \"Mozilla/5.0 (X11; Linux x86_64) AppleWebKit/537.36 (KHTML, like Gecko) Chrome/96.0.4664.45 Safari/537.36\"\n"}
{"level":"info","message":"::1 - - [07/Dec/2021:15:26:13 +0000] \"PUT /api/todo/updateUserTodo/61ae4a5e218e767545b48b2d HTTP/1.1\" 200 51 \"http://localhost:3000/\" \"Mozilla/5.0 (X11; Linux x86_64) AppleWebKit/537.36 (KHTML, like Gecko) Chrome/96.0.4664.45 Safari/537.36\"\n"}
{"level":"info","message":"::1 - - [07/Dec/2021:15:26:18 +0000] \"PUT /api/todo/updateUserTodo/61ae49b9218e767545b48b2c HTTP/1.1\" 200 51 \"http://localhost:3000/\" \"Mozilla/5.0 (X11; Linux x86_64) AppleWebKit/537.36 (KHTML, like Gecko) Chrome/96.0.4664.45 Safari/537.36\"\n"}
{"level":"info","message":"::1 - - [07/Dec/2021:15:27:36 +0000] \"GET /api/todo HTTP/1.1\" 201 2785 \"http://localhost:3000/\" \"Mozilla/5.0 (X11; Linux x86_64) AppleWebKit/537.36 (KHTML, like Gecko) Chrome/96.0.4664.45 Safari/537.36\"\n"}
{"level":"info","message":"::1 - - [07/Dec/2021:15:27:40 +0000] \"PUT /api/todo/updateUserTodo/61ae49b9218e767545b48b2c HTTP/1.1\" 200 51 \"http://localhost:3000/\" \"Mozilla/5.0 (X11; Linux x86_64) AppleWebKit/537.36 (KHTML, like Gecko) Chrome/96.0.4664.45 Safari/537.36\"\n"}
{"level":"info","message":"::1 - - [07/Dec/2021:15:28:27 +0000] \"GET /api/todo HTTP/1.1\" 201 2785 \"http://localhost:3000/\" \"Mozilla/5.0 (X11; Linux x86_64) AppleWebKit/537.36 (KHTML, like Gecko) Chrome/96.0.4664.45 Safari/537.36\"\n"}
{"level":"info","message":"::1 - - [07/Dec/2021:15:28:30 +0000] \"PUT /api/todo/updateUserTodo/61ae49b9218e767545b48b2c HTTP/1.1\" 200 51 \"http://localhost:3000/\" \"Mozilla/5.0 (X11; Linux x86_64) AppleWebKit/537.36 (KHTML, like Gecko) Chrome/96.0.4664.45 Safari/537.36\"\n"}
{"level":"info","message":"::1 - - [07/Dec/2021:15:28:38 +0000] \"PUT /api/todo/updateUserTodo/61ae49b9218e767545b48b2c HTTP/1.1\" 200 51 \"http://localhost:3000/\" \"Mozilla/5.0 (X11; Linux x86_64) AppleWebKit/537.36 (KHTML, like Gecko) Chrome/96.0.4664.45 Safari/537.36\"\n"}
{"level":"info","message":"::1 - - [07/Dec/2021:15:28:40 +0000] \"PUT /api/todo/updateUserTodo/61ae49b9218e767545b48b2c HTTP/1.1\" 200 51 \"http://localhost:3000/\" \"Mozilla/5.0 (X11; Linux x86_64) AppleWebKit/537.36 (KHTML, like Gecko) Chrome/96.0.4664.45 Safari/537.36\"\n"}
{"level":"info","message":"::1 - - [07/Dec/2021:15:28:43 +0000] \"PUT /api/todo/updateUserTodo/61ae4a5e218e767545b48b2d HTTP/1.1\" 200 51 \"http://localhost:3000/\" \"Mozilla/5.0 (X11; Linux x86_64) AppleWebKit/537.36 (KHTML, like Gecko) Chrome/96.0.4664.45 Safari/537.36\"\n"}
{"level":"info","message":"::1 - - [07/Dec/2021:15:29:03 +0000] \"PUT /api/todo/updateUserTodo/61ae49b9218e767545b48b2c HTTP/1.1\" 200 51 \"http://localhost:3000/\" \"Mozilla/5.0 (X11; Linux x86_64) AppleWebKit/537.36 (KHTML, like Gecko) Chrome/96.0.4664.45 Safari/537.36\"\n"}
{"level":"info","message":"::1 - - [07/Dec/2021:15:29:47 +0000] \"GET /api/todo HTTP/1.1\" 201 2785 \"http://localhost:3000/\" \"Mozilla/5.0 (X11; Linux x86_64) AppleWebKit/537.36 (KHTML, like Gecko) Chrome/96.0.4664.45 Safari/537.36\"\n"}
{"level":"info","message":"::1 - - [07/Dec/2021:15:29:53 +0000] \"PUT /api/todo/updateUserTodo/61ae49b9218e767545b48b2c HTTP/1.1\" 200 51 \"http://localhost:3000/\" \"Mozilla/5.0 (X11; Linux x86_64) AppleWebKit/537.36 (KHTML, like Gecko) Chrome/96.0.4664.45 Safari/537.36\"\n"}
{"level":"info","message":"::1 - - [07/Dec/2021:15:29:55 +0000] \"PUT /api/todo/updateUserTodo/61ae4a5e218e767545b48b2d HTTP/1.1\" 200 51 \"http://localhost:3000/\" \"Mozilla/5.0 (X11; Linux x86_64) AppleWebKit/537.36 (KHTML, like Gecko) Chrome/96.0.4664.45 Safari/537.36\"\n"}
{"level":"info","message":"::1 - - [07/Dec/2021:15:29:58 +0000] \"PUT /api/todo/updateUserTodo/61aecdf4cdb420141c44b0d5 HTTP/1.1\" 200 51 \"http://localhost:3000/\" \"Mozilla/5.0 (X11; Linux x86_64) AppleWebKit/537.36 (KHTML, like Gecko) Chrome/96.0.4664.45 Safari/537.36\"\n"}
{"level":"info","message":"::1 - - [07/Dec/2021:15:29:59 +0000] \"PUT /api/todo/updateUserTodo/61aecd70cdb420141c44b0d4 HTTP/1.1\" 200 51 \"http://localhost:3000/\" \"Mozilla/5.0 (X11; Linux x86_64) AppleWebKit/537.36 (KHTML, like Gecko) Chrome/96.0.4664.45 Safari/537.36\"\n"}
{"level":"info","message":"::1 - - [08/Dec/2021:02:31:40 +0000] \"PUT /api/todo/updateUserTodo/61aed291cdb420141c44b0da HTTP/1.1\" - - \"http://localhost:3000/\" \"Mozilla/5.0 (X11; Linux x86_64) AppleWebKit/537.36 (KHTML, like Gecko) Chrome/96.0.4664.45 Safari/537.36\"\n"}
{"level":"info","message":"::1 - - [08/Dec/2021:02:31:47 +0000] \"GET /api/todo HTTP/1.1\" 201 2785 \"http://localhost:3000/\" \"Mozilla/5.0 (X11; Linux x86_64) AppleWebKit/537.36 (KHTML, like Gecko) Chrome/96.0.4664.45 Safari/537.36\"\n"}
{"level":"info","message":"::1 - - [08/Dec/2021:02:31:54 +0000] \"GET /api/todo HTTP/1.1\" 201 2785 \"http://localhost:3000/\" \"Mozilla/5.0 (X11; Linux x86_64) AppleWebKit/537.36 (KHTML, like Gecko) Chrome/96.0.4664.45 Safari/537.36\"\n"}
{"level":"info","message":"::1 - - [08/Dec/2021:02:32:06 +0000] \"PUT /api/todo/updateUserTodo/61aedbd9325d732213b65061 HTTP/1.1\" 200 51 \"http://localhost:3000/\" \"Mozilla/5.0 (X11; Linux x86_64) AppleWebKit/537.36 (KHTML, like Gecko) Chrome/96.0.4664.45 Safari/537.36\"\n"}
{"level":"info","message":"::1 - - [08/Dec/2021:02:32:08 +0000] \"PUT /api/todo/updateUserTodo/61aed946325d732213b65060 HTTP/1.1\" 200 51 \"http://localhost:3000/\" \"Mozilla/5.0 (X11; Linux x86_64) AppleWebKit/537.36 (KHTML, like Gecko) Chrome/96.0.4664.45 Safari/537.36\"\n"}
{"level":"info","message":"::1 - - [08/Dec/2021:02:32:09 +0000] \"PUT /api/todo/updateUserTodo/61aed4b9cdb420141c44b0dd HTTP/1.1\" 200 51 \"http://localhost:3000/\" \"Mozilla/5.0 (X11; Linux x86_64) AppleWebKit/537.36 (KHTML, like Gecko) Chrome/96.0.4664.45 Safari/537.36\"\n"}
{"level":"info","message":"::1 - - [08/Dec/2021:02:32:10 +0000] \"PUT /api/todo/updateUserTodo/61aed34ecdb420141c44b0dc HTTP/1.1\" 200 51 \"http://localhost:3000/\" \"Mozilla/5.0 (X11; Linux x86_64) AppleWebKit/537.36 (KHTML, like Gecko) Chrome/96.0.4664.45 Safari/537.36\"\n"}
{"level":"info","message":"::1 - - [08/Dec/2021:02:32:11 +0000] \"PUT /api/todo/updateUserTodo/61aed2c5cdb420141c44b0db HTTP/1.1\" 200 51 \"http://localhost:3000/\" \"Mozilla/5.0 (X11; Linux x86_64) AppleWebKit/537.36 (KHTML, like Gecko) Chrome/96.0.4664.45 Safari/537.36\"\n"}
{"level":"info","message":"::1 - - [08/Dec/2021:02:33:06 +0000] \"GET /api/todo HTTP/1.1\" 201 2785 \"http://localhost:3000/\" \"Mozilla/5.0 (X11; Linux x86_64) AppleWebKit/537.36 (KHTML, like Gecko) Chrome/96.0.4664.45 Safari/537.36\"\n"}
{"level":"info","message":"::1 - - [08/Dec/2021:02:33:20 +0000] \"PUT /api/todo/updateUserTodo/61aedbd9325d732213b65061 HTTP/1.1\" 200 51 \"http://localhost:3000/\" \"Mozilla/5.0 (X11; Linux x86_64) AppleWebKit/537.36 (KHTML, like Gecko) Chrome/96.0.4664.45 Safari/537.36\"\n"}
{"level":"info","message":"::1 - - [08/Dec/2021:02:35:29 +0000] \"GET /api/todo HTTP/1.1\" 201 2785 \"http://localhost:3000/\" \"Mozilla/5.0 (X11; Linux x86_64) AppleWebKit/537.36 (KHTML, like Gecko) Chrome/96.0.4664.45 Safari/537.36\"\n"}
{"level":"info","message":"::1 - - [08/Dec/2021:02:35:37 +0000] \"GET /api/todo HTTP/1.1\" 201 2785 \"http://localhost:3000/\" \"Mozilla/5.0 (X11; Linux x86_64) AppleWebKit/537.36 (KHTML, like Gecko) Chrome/96.0.4664.45 Safari/537.36\"\n"}
{"level":"info","message":"::1 - - [08/Dec/2021:02:35:39 +0000] \"PUT /api/todo/updateTodo/61aedbd9325d732213b65061 HTTP/1.1\" 200 107 \"http://localhost:3000/\" \"Mozilla/5.0 (X11; Linux x86_64) AppleWebKit/537.36 (KHTML, like Gecko) Chrome/96.0.4664.45 Safari/537.36\"\n"}
{"level":"info","message":"::1 - - [08/Dec/2021:02:37:12 +0000] \"PUT /api/todo/updateTodo/61aed946325d732213b65060 HTTP/1.1\" 200 111 \"http://localhost:3000/\" \"Mozilla/5.0 (X11; Linux x86_64) AppleWebKit/537.36 (KHTML, like Gecko) Chrome/96.0.4664.45 Safari/537.36\"\n"}
{"level":"info","message":"::1 - - [08/Dec/2021:02:38:08 +0000] \"PUT /api/todo/updateTodo/61aed4b9cdb420141c44b0dd HTTP/1.1\" 200 111 \"http://localhost:3000/\" \"Mozilla/5.0 (X11; Linux x86_64) AppleWebKit/537.36 (KHTML, like Gecko) Chrome/96.0.4664.45 Safari/537.36\"\n"}
{"level":"info","message":"::1 - - [08/Dec/2021:02:39:45 +0000] \"PUT /api/todo/updateTodo/61aed34ecdb420141c44b0dc HTTP/1.1\" 200 109 \"http://localhost:3000/\" \"Mozilla/5.0 (X11; Linux x86_64) AppleWebKit/537.36 (KHTML, like Gecko) Chrome/96.0.4664.45 Safari/537.36\"\n"}
{"level":"info","message":"::1 - - [08/Dec/2021:02:40:16 +0000] \"PUT /api/todo/updateTodo/61aed2c5cdb420141c44b0db HTTP/1.1\" 200 112 \"http://localhost:3000/\" \"Mozilla/5.0 (X11; Linux x86_64) AppleWebKit/537.36 (KHTML, like Gecko) Chrome/96.0.4664.45 Safari/537.36\"\n"}
{"level":"info","message":"::1 - - [08/Dec/2021:02:41:32 +0000] \"PUT /api/todo/updateTodo/61aed291cdb420141c44b0da HTTP/1.1\" 200 113 \"http://localhost:3000/\" \"Mozilla/5.0 (X11; Linux x86_64) AppleWebKit/537.36 (KHTML, like Gecko) Chrome/96.0.4664.45 Safari/537.36\"\n"}
{"level":"info","message":"::1 - - [08/Dec/2021:02:42:07 +0000] \"PUT /api/todo/updateTodo/61aed03ccdb420141c44b0d8 HTTP/1.1\" 200 111 \"http://localhost:3000/\" \"Mozilla/5.0 (X11; Linux x86_64) AppleWebKit/537.36 (KHTML, like Gecko) Chrome/96.0.4664.45 Safari/537.36\"\n"}
{"level":"info","message":"::1 - - [08/Dec/2021:02:42:36 +0000] \"PUT /api/todo/updateTodo/61aece63cdb420141c44b0d7 HTTP/1.1\" 200 113 \"http://localhost:3000/\" \"Mozilla/5.0 (X11; Linux x86_64) AppleWebKit/537.36 (KHTML, like Gecko) Chrome/96.0.4664.45 Safari/537.36\"\n"}
{"level":"info","message":"::1 - - [08/Dec/2021:02:43:15 +0000] \"PUT /api/todo/updateTodo/61aed083cdb420141c44b0d9 HTTP/1.1\" 200 110 \"http://localhost:3000/\" \"Mozilla/5.0 (X11; Linux x86_64) AppleWebKit/537.36 (KHTML, like Gecko) Chrome/96.0.4664.45 Safari/537.36\"\n"}
{"level":"info","message":"::1 - - [08/Dec/2021:02:43:15 +0000] \"PUT /api/todo/updateTodo/61aed083cdb420141c44b0d9 HTTP/1.1\" 200 110 \"http://localhost:3000/\" \"Mozilla/5.0 (X11; Linux x86_64) AppleWebKit/537.36 (KHTML, like Gecko) Chrome/96.0.4664.45 Safari/537.36\"\n"}
{"level":"info","message":"::1 - - [08/Dec/2021:02:43:16 +0000] \"PUT /api/todo/updateTodo/61aed083cdb420141c44b0d9 HTTP/1.1\" 200 110 \"http://localhost:3000/\" \"Mozilla/5.0 (X11; Linux x86_64) AppleWebKit/537.36 (KHTML, like Gecko) Chrome/96.0.4664.45 Safari/537.36\"\n"}
{"level":"info","message":"::1 - - [08/Dec/2021:02:44:10 +0000] \"PUT /api/todo/updateTodo/61aece08cdb420141c44b0d6 HTTP/1.1\" 200 114 \"http://localhost:3000/\" \"Mozilla/5.0 (X11; Linux x86_64) AppleWebKit/537.36 (KHTML, like Gecko) Chrome/96.0.4664.45 Safari/537.36\"\n"}
{"level":"info","message":"::1 - - [08/Dec/2021:02:44:20 +0000] \"GET /api/todo HTTP/1.1\" 201 2786 \"http://localhost:3000/\" \"Mozilla/5.0 (X11; Linux x86_64) AppleWebKit/537.36 (KHTML, like Gecko) Chrome/96.0.4664.45 Safari/537.36\"\n"}
{"level":"info","message":"::1 - - [08/Dec/2021:02:44:25 +0000] \"PUT /api/todo/updateTodo/61aed34ecdb420141c44b0dc HTTP/1.1\" 200 110 \"http://localhost:3000/\" \"Mozilla/5.0 (X11; Linux x86_64) AppleWebKit/537.36 (KHTML, like Gecko) Chrome/96.0.4664.45 Safari/537.36\"\n"}
{"level":"info","message":"::1 - - [08/Dec/2021:02:44:32 +0000] \"PUT /api/todo/updateTodo/61ae49b9218e767545b48b2c HTTP/1.1\" 200 121 \"http://localhost:3000/\" \"Mozilla/5.0 (X11; Linux x86_64) AppleWebKit/537.36 (KHTML, like Gecko) Chrome/96.0.4664.45 Safari/537.36\"\n"}
{"level":"info","message":"::1 - - [08/Dec/2021:02:44:39 +0000] \"GET /api/todo HTTP/1.1\" 201 2788 \"http://localhost:3000/\" \"Mozilla/5.0 (X11; Linux x86_64) AppleWebKit/537.36 (KHTML, like Gecko) Chrome/96.0.4664.45 Safari/537.36\"\n"}
{"level":"info","message":"::1 - - [08/Dec/2021:02:44:59 +0000] \"GET /api/todo HTTP/1.1\" 201 2788 \"http://localhost:3000/\" \"Mozilla/5.0 (X11; Linux x86_64) AppleWebKit/537.36 (KHTML, like Gecko) Chrome/96.0.4664.45 Safari/537.36\"\n"}
{"level":"info","message":"::1 - - [08/Dec/2021:02:51:58 +0000] \"GET /api/todo HTTP/1.1\" 201 2788 \"http://localhost:3000/\" \"Mozilla/5.0 (X11; Linux x86_64) AppleWebKit/537.36 (KHTML, like Gecko) Chrome/96.0.4664.45 Safari/537.36\"\n"}
{"level":"info","message":"::1 - - [08/Dec/2021:02:54:02 +0000] \"GET /api/todo HTTP/1.1\" 201 2788 \"http://localhost:3000/\" \"Mozilla/5.0 (X11; Linux x86_64) AppleWebKit/537.36 (KHTML, like Gecko) Chrome/96.0.4664.45 Safari/537.36\"\n"}
{"level":"info","message":"::1 - - [08/Dec/2021:02:54:06 +0000] \"GET /api/todo HTTP/1.1\" 201 2788 \"http://localhost:3000/\" \"Mozilla/5.0 (X11; Linux x86_64) AppleWebKit/537.36 (KHTML, like Gecko) Chrome/96.0.4664.45 Safari/537.36\"\n"}
{"level":"info","message":"::1 - - [08/Dec/2021:02:58:50 +0000] \"GET /api/todo HTTP/1.1\" 201 2788 \"http://localhost:3000/\" \"Mozilla/5.0 (X11; Linux x86_64) AppleWebKit/537.36 (KHTML, like Gecko) Chrome/96.0.4664.45 Safari/537.36\"\n"}
{"level":"info","message":"::1 - - [08/Dec/2021:03:20:45 +0000] \"GET /api/todo HTTP/1.1\" 201 2788 \"http://localhost:3000/\" \"Mozilla/5.0 (X11; Linux x86_64) AppleWebKit/537.36 (KHTML, like Gecko) Chrome/96.0.4664.45 Safari/537.36\"\n"}
{"level":"info","message":"::1 - - [08/Dec/2021:03:26:12 +0000] \"GET /api/todo HTTP/1.1\" 201 2788 \"http://localhost:3000/\" \"Mozilla/5.0 (X11; Linux x86_64) AppleWebKit/537.36 (KHTML, like Gecko) Chrome/96.0.4664.45 Safari/537.36\"\n"}
{"level":"error","message":"500 - Not authorized, no token - /api/users - GET - ::1"}
{"level":"info","message":"::1 - - [08/Dec/2021:03:26:12 +0000] \"GET /api/users HTTP/1.1\" 500 1947 \"http://localhost:3000/\" \"Mozilla/5.0 (X11; Linux x86_64) AppleWebKit/537.36 (KHTML, like Gecko) Chrome/96.0.4664.45 Safari/537.36\"\n"}
{"level":"info","message":"::1 - - [08/Dec/2021:03:26:18 +0000] \"GET /api/todo HTTP/1.1\" 201 2788 \"http://localhost:3000/\" \"Mozilla/5.0 (X11; Linux x86_64) AppleWebKit/537.36 (KHTML, like Gecko) Chrome/96.0.4664.45 Safari/537.36\"\n"}
{"level":"error","message":"500 - Not authorized, no token - /api/users - GET - ::1"}
{"level":"info","message":"::1 - - [08/Dec/2021:03:26:18 +0000] \"GET /api/users HTTP/1.1\" 500 1947 \"http://localhost:3000/\" \"Mozilla/5.0 (X11; Linux x86_64) AppleWebKit/537.36 (KHTML, like Gecko) Chrome/96.0.4664.45 Safari/537.36\"\n"}
{"level":"info","message":"::1 - - [08/Dec/2021:03:26:50 +0000] \"GET /api/todo HTTP/1.1\" 201 2788 \"http://localhost:3000/\" \"Mozilla/5.0 (X11; Linux x86_64) AppleWebKit/537.36 (KHTML, like Gecko) Chrome/96.0.4664.45 Safari/537.36\"\n"}
{"level":"info","message":"::1 - - [08/Dec/2021:03:26:51 +0000] \"GET /api/users HTTP/1.1\" 200 564 \"http://localhost:3000/\" \"Mozilla/5.0 (X11; Linux x86_64) AppleWebKit/537.36 (KHTML, like Gecko) Chrome/96.0.4664.45 Safari/537.36\"\n"}
{"level":"info","message":"::1 - - [08/Dec/2021:03:28:03 +0000] \"GET /api/todo HTTP/1.1\" 201 2788 \"http://localhost:3000/\" \"Mozilla/5.0 (X11; Linux x86_64) AppleWebKit/537.36 (KHTML, like Gecko) Chrome/96.0.4664.45 Safari/537.36\"\n"}
{"level":"info","message":"::1 - - [08/Dec/2021:03:28:03 +0000] \"GET /api/users HTTP/1.1\" 200 553 \"http://localhost:3000/\" \"Mozilla/5.0 (X11; Linux x86_64) AppleWebKit/537.36 (KHTML, like Gecko) Chrome/96.0.4664.45 Safari/537.36\"\n"}
{"level":"info","message":"::1 - - [08/Dec/2021:04:19:43 +0000] \"GET /api/todo HTTP/1.1\" 201 2788 \"http://localhost:3000/\" \"Mozilla/5.0 (X11; Linux x86_64) AppleWebKit/537.36 (KHTML, like Gecko) Chrome/96.0.4664.45 Safari/537.36\"\n"}
{"level":"info","message":"::1 - - [08/Dec/2021:04:19:44 +0000] \"GET /api/users HTTP/1.1\" 304 - \"http://localhost:3000/\" \"Mozilla/5.0 (X11; Linux x86_64) AppleWebKit/537.36 (KHTML, like Gecko) Chrome/96.0.4664.45 Safari/537.36\"\n"}
{"level":"info","message":"::1 - - [08/Dec/2021:04:21:18 +0000] \"GET /api/todo HTTP/1.1\" 201 2788 \"http://localhost:3000/\" \"Mozilla/5.0 (X11; Linux x86_64) AppleWebKit/537.36 (KHTML, like Gecko) Chrome/96.0.4664.45 Safari/537.36\"\n"}
{"level":"info","message":"::1 - - [08/Dec/2021:04:21:19 +0000] \"GET /api/users HTTP/1.1\" 304 - \"http://localhost:3000/\" \"Mozilla/5.0 (X11; Linux x86_64) AppleWebKit/537.36 (KHTML, like Gecko) Chrome/96.0.4664.45 Safari/537.36\"\n"}
{"level":"info","message":"::1 - - [08/Dec/2021:04:22:48 +0000] \"GET /api/todo HTTP/1.1\" 201 2788 \"http://localhost:3000/\" \"Mozilla/5.0 (X11; Linux x86_64) AppleWebKit/537.36 (KHTML, like Gecko) Chrome/96.0.4664.45 Safari/537.36\"\n"}
{"level":"info","message":"::1 - - [08/Dec/2021:04:22:48 +0000] \"GET /api/users HTTP/1.1\" 304 - \"http://localhost:3000/\" \"Mozilla/5.0 (X11; Linux x86_64) AppleWebKit/537.36 (KHTML, like Gecko) Chrome/96.0.4664.45 Safari/537.36\"\n"}
{"level":"info","message":"::1 - - [08/Dec/2021:04:23:35 +0000] \"GET /api/todo HTTP/1.1\" 201 2788 \"http://localhost:3000/\" \"Mozilla/5.0 (X11; Linux x86_64) AppleWebKit/537.36 (KHTML, like Gecko) Chrome/96.0.4664.45 Safari/537.36\"\n"}
{"level":"info","message":"::1 - - [08/Dec/2021:04:23:35 +0000] \"GET /api/users HTTP/1.1\" 304 - \"http://localhost:3000/\" \"Mozilla/5.0 (X11; Linux x86_64) AppleWebKit/537.36 (KHTML, like Gecko) Chrome/96.0.4664.45 Safari/537.36\"\n"}
{"level":"info","message":"::1 - - [08/Dec/2021:04:23:54 +0000] \"GET /api/todo HTTP/1.1\" 201 2788 \"http://localhost:3000/\" \"Mozilla/5.0 (X11; Linux x86_64) AppleWebKit/537.36 (KHTML, like Gecko) Chrome/96.0.4664.45 Safari/537.36\"\n"}
{"level":"info","message":"::1 - - [08/Dec/2021:04:23:54 +0000] \"GET /api/users HTTP/1.1\" 304 - \"http://localhost:3000/\" \"Mozilla/5.0 (X11; Linux x86_64) AppleWebKit/537.36 (KHTML, like Gecko) Chrome/96.0.4664.45 Safari/537.36\"\n"}
{"level":"info","message":"::1 - - [08/Dec/2021:13:47:19 +0000] \"GET /api/todo HTTP/1.1\" 201 2788 \"http://localhost:3000/\" \"Mozilla/5.0 (X11; Linux x86_64) AppleWebKit/537.36 (KHTML, like Gecko) Chrome/96.0.4664.45 Safari/537.36\"\n"}
{"level":"info","message":"::1 - - [08/Dec/2021:13:47:19 +0000] \"GET /api/users HTTP/1.1\" 304 - \"http://localhost:3000/\" \"Mozilla/5.0 (X11; Linux x86_64) AppleWebKit/537.36 (KHTML, like Gecko) Chrome/96.0.4664.45 Safari/537.36\"\n"}
{"level":"info","message":"::1 - - [08/Dec/2021:13:47:27 +0000] \"PUT /api/todo/updateTodo/61aed946325d732213b65060 HTTP/1.1\" 200 112 \"http://localhost:3000/\" \"Mozilla/5.0 (X11; Linux x86_64) AppleWebKit/537.36 (KHTML, like Gecko) Chrome/96.0.4664.45 Safari/537.36\"\n"}
{"level":"info","message":"::1 - - [08/Dec/2021:13:47:39 +0000] \"GET /api/todo HTTP/1.1\" 201 2789 \"http://localhost:3000/\" \"Mozilla/5.0 (X11; Linux x86_64) AppleWebKit/537.36 (KHTML, like Gecko) Chrome/96.0.4664.45 Safari/537.36\"\n"}
{"level":"info","message":"::1 - - [08/Dec/2021:13:47:39 +0000] \"GET /api/users HTTP/1.1\" 304 - \"http://localhost:3000/\" \"Mozilla/5.0 (X11; Linux x86_64) AppleWebKit/537.36 (KHTML, like Gecko) Chrome/96.0.4664.45 Safari/537.36\"\n"}
{"level":"info","message":"::1 - - [08/Dec/2021:15:39:58 +0000] \"GET /api/todo HTTP/1.1\" 201 2789 \"http://localhost:3000/\" \"Mozilla/5.0 (X11; Linux x86_64) AppleWebKit/537.36 (KHTML, like Gecko) Chrome/96.0.4664.45 Safari/537.36\"\n"}
{"level":"info","message":"::1 - - [08/Dec/2021:15:39:58 +0000] \"GET /api/users HTTP/1.1\" 304 - \"http://localhost:3000/\" \"Mozilla/5.0 (X11; Linux x86_64) AppleWebKit/537.36 (KHTML, like Gecko) Chrome/96.0.4664.45 Safari/537.36\"\n"}
